<?xml version="1.0" encoding="UTF-8"?>
<!-- Generated by org.testng.reporters.JUnitReportReporter -->
<testsuite skipped="0" hostname="LAPTOP-3543VF80" name="Mouseover" tests="1" failures="0" timestamp="25 May 2018 12:25:24 GMT" time="38.499" errors="0">
  <testcase name="action" time="38.499" classname="Mouseover"/>
</testsuite> <!-- Mouseover -->
