<?xml version="1.0" encoding="UTF-8"?>
<!-- Generated by org.testng.reporters.JUnitReportReporter -->
<testsuite skipped="0" hostname="LAPTOP-3543VF80" name="Corroulate" tests="1" failures="0" timestamp="25 May 2018 12:19:23 GMT" time="37.111" errors="0">
  <testcase name="corrolate" time="37.111" classname="Corroulate"/>
</testsuite> <!-- Corroulate -->
