<?xml version="1.0" encoding="UTF-8"?>
<!-- Generated by org.testng.reporters.JUnitReportReporter -->
<testsuite skipped="0" hostname="LAPTOP-3543VF80" name="Fileovrewrite" tests="1" failures="0" timestamp="29 May 2018 15:33:36 GMT" time="46.906" errors="0">
  <testcase name="Exe" time="46.906" classname="Fileovrewrite"/>
</testsuite> <!-- Fileovrewrite -->
